  Snake.cpp
D:\work\gameprogram\SFML_Snake\Snake\Snake\Snake.cpp(64,35): warning C4244: “参数”: 从“int”转换到“float”，可能丢失数据
D:\work\gameprogram\SFML_Snake\Snake\Snake\Snake.cpp(64,21): warning C4244: “参数”: 从“int”转换到“float”，可能丢失数据
D:\work\gameprogram\SFML_Snake\Snake\Snake\Snake.cpp(68,35): warning C4244: “参数”: 从“int”转换到“float”，可能丢失数据
D:\work\gameprogram\SFML_Snake\Snake\Snake\Snake.cpp(68,21): warning C4244: “参数”: 从“int”转换到“float”，可能丢失数据
D:\work\gameprogram\SFML_Snake\Snake\Snake\Snake.cpp(72,35): warning C4244: “参数”: 从“int”转换到“float”，可能丢失数据
D:\work\gameprogram\SFML_Snake\Snake\Snake\Snake.cpp(72,21): warning C4244: “参数”: 从“int”转换到“float”，可能丢失数据
D:\work\gameprogram\SFML_Snake\Snake\Snake\Snake.cpp(76,35): warning C4244: “参数”: 从“int”转换到“float”，可能丢失数据
D:\work\gameprogram\SFML_Snake\Snake\Snake\Snake.cpp(76,21): warning C4244: “参数”: 从“int”转换到“float”，可能丢失数据
D:\work\gameprogram\SFML_Snake\Snake\Snake\Snake.cpp(80,35): warning C4244: “参数”: 从“int”转换到“float”，可能丢失数据
D:\work\gameprogram\SFML_Snake\Snake\Snake\Snake.cpp(80,21): warning C4244: “参数”: 从“int”转换到“float”，可能丢失数据
D:\work\gameprogram\SFML_Snake\Snake\Snake\Snake.cpp(84,35): warning C4244: “参数”: 从“int”转换到“float”，可能丢失数据
D:\work\gameprogram\SFML_Snake\Snake\Snake\Snake.cpp(84,21): warning C4244: “参数”: 从“int”转换到“float”，可能丢失数据
D:\work\gameprogram\SFML_Snake\Snake\Snake\Snake.cpp(88,35): warning C4244: “参数”: 从“int”转换到“float”，可能丢失数据
D:\work\gameprogram\SFML_Snake\Snake\Snake\Snake.cpp(88,21): warning C4244: “参数”: 从“int”转换到“float”，可能丢失数据
D:\work\gameprogram\SFML_Snake\Snake\Snake\Snake.cpp(92,35): warning C4244: “参数”: 从“int”转换到“float”，可能丢失数据
D:\work\gameprogram\SFML_Snake\Snake\Snake\Snake.cpp(92,21): warning C4244: “参数”: 从“int”转换到“float”，可能丢失数据
D:\work\gameprogram\SFML_Snake\Snake\Snake\Snake.cpp(96,35): warning C4244: “参数”: 从“int”转换到“float”，可能丢失数据
D:\work\gameprogram\SFML_Snake\Snake\Snake\Snake.cpp(96,21): warning C4244: “参数”: 从“int”转换到“float”，可能丢失数据
D:\work\gameprogram\SFML_Snake\Snake\Snake\Snake.cpp(100,35): warning C4244: “参数”: 从“int”转换到“float”，可能丢失数据
D:\work\gameprogram\SFML_Snake\Snake\Snake\Snake.cpp(100,21): warning C4244: “参数”: 从“int”转换到“float”，可能丢失数据
D:\work\gameprogram\SFML_Snake\Snake\Snake\Snake.cpp(104,35): warning C4244: “参数”: 从“int”转换到“float”，可能丢失数据
D:\work\gameprogram\SFML_Snake\Snake\Snake\Snake.cpp(104,21): warning C4244: “参数”: 从“int”转换到“float”，可能丢失数据
D:\work\gameprogram\SFML_Snake\Snake\Snake\Snake.cpp(108,35): warning C4244: “参数”: 从“int”转换到“float”，可能丢失数据
D:\work\gameprogram\SFML_Snake\Snake\Snake\Snake.cpp(108,21): warning C4244: “参数”: 从“int”转换到“float”，可能丢失数据
D:\work\gameprogram\SFML_Snake\Snake\Snake\Snake.cpp(112,35): warning C4244: “参数”: 从“int”转换到“float”，可能丢失数据
D:\work\gameprogram\SFML_Snake\Snake\Snake\Snake.cpp(112,21): warning C4244: “参数”: 从“int”转换到“float”，可能丢失数据
D:\work\gameprogram\SFML_Snake\Snake\Snake\Snake.cpp(126,35): warning C4244: “参数”: 从“int”转换到“float”，可能丢失数据
D:\work\gameprogram\SFML_Snake\Snake\Snake\Snake.cpp(126,21): warning C4244: “参数”: 从“int”转换到“float”，可能丢失数据
D:\work\gameprogram\SFML_Snake\Snake\Snake\Snake.cpp(130,35): warning C4244: “参数”: 从“int”转换到“float”，可能丢失数据
D:\work\gameprogram\SFML_Snake\Snake\Snake\Snake.cpp(130,21): warning C4244: “参数”: 从“int”转换到“float”，可能丢失数据
D:\work\gameprogram\SFML_Snake\Snake\Snake\Snake.cpp(144,35): warning C4244: “参数”: 从“int”转换到“float”，可能丢失数据
D:\work\gameprogram\SFML_Snake\Snake\Snake\Snake.cpp(144,21): warning C4244: “参数”: 从“int”转换到“float”，可能丢失数据
D:\work\gameprogram\SFML_Snake\Snake\Snake\Snake.cpp(148,35): warning C4244: “参数”: 从“int”转换到“float”，可能丢失数据
D:\work\gameprogram\SFML_Snake\Snake\Snake\Snake.cpp(148,21): warning C4244: “参数”: 从“int”转换到“float”，可能丢失数据
D:\work\gameprogram\SFML_Snake\Snake\Snake\Snake.cpp(234,15): warning C4244: “参数”: 从“time_t”转换到“unsigned int”，可能丢失数据
D:\work\gameprogram\SFML_Snake\Snake\Snake\Snake.cpp(281,22): warning C4244: “参数”: 从“int”转换到“float”，可能丢失数据
D:\work\gameprogram\SFML_Snake\Snake\Snake\Snake.cpp(287,22): warning C4244: “参数”: 从“int”转换到“float”，可能丢失数据
D:\work\gameprogram\SFML_Snake\Snake\Snake\Snake.cpp(531,12): warning C4244: “初始化”: 从“double”转换到“int”，可能丢失数据
D:\work\gameprogram\SFML_Snake\Snake\Snake\Snake.cpp(532,12): warning C4244: “初始化”: 从“double”转换到“int”，可能丢失数据
D:\work\gameprogram\SFML_Snake\Snake\Snake\Snake.cpp(540,64): warning C4244: “参数”: 从“int”转换到“float”，可能丢失数据
D:\work\gameprogram\SFML_Snake\Snake\Snake\Snake.cpp(540,42): warning C4244: “参数”: 从“int”转换到“float”，可能丢失数据
D:\work\gameprogram\SFML_Snake\Snake\Snake\Snake.cpp(546,81): warning C4244: “参数”: 从“int”转换到“float”，可能丢失数据
D:\work\gameprogram\SFML_Snake\Snake\Snake\Snake.cpp(546,51): warning C4244: “参数”: 从“int”转换到“float”，可能丢失数据
D:\work\gameprogram\SFML_Snake\Snake\Snake\Snake.cpp(547,26): warning C4244: “参数”: 从“int”转换到“float”，可能丢失数据
D:\work\gameprogram\SFML_Snake\Snake\Snake\Snake.cpp(551,88): warning C4244: “参数”: 从“int”转换到“float”，可能丢失数据
D:\work\gameprogram\SFML_Snake\Snake\Snake\Snake.cpp(551,55): warning C4244: “参数”: 从“int”转换到“float”，可能丢失数据
D:\work\gameprogram\SFML_Snake\Snake\Snake\Snake.cpp(556,79): warning C4244: “参数”: 从“int”转换到“float”，可能丢失数据
D:\work\gameprogram\SFML_Snake\Snake\Snake\Snake.cpp(556,48): warning C4244: “参数”: 从“int”转换到“float”，可能丢失数据
D:\work\gameprogram\SFML_Snake\Snake\Snake\Snake.cpp(577,16): warning C4305: “-=”: 从“double”到“float”截断
D:\work\gameprogram\SFML_Snake\Snake\Snake\Snake.cpp(589,16): warning C4305: “+=”: 从“double”到“float”截断
D:\work\gameprogram\SFML_Snake\Snake\Snake\Snake.cpp(601,16): warning C4305: “-=”: 从“double”到“float”截断
D:\work\gameprogram\SFML_Snake\Snake\Snake\Snake.cpp(613,16): warning C4305: “+=”: 从“double”到“float”截断
D:\work\gameprogram\SFML_Snake\Snake\Snake\Snake.cpp(707,12): warning C4244: “初始化”: 从“double”转换到“int”，可能丢失数据
D:\work\gameprogram\SFML_Snake\Snake\Snake\Snake.cpp(708,12): warning C4244: “初始化”: 从“double”转换到“int”，可能丢失数据
D:\work\gameprogram\SFML_Snake\Snake\Snake\Snake.cpp(716,64): warning C4244: “参数”: 从“int”转换到“float”，可能丢失数据
D:\work\gameprogram\SFML_Snake\Snake\Snake\Snake.cpp(716,42): warning C4244: “参数”: 从“int”转换到“float”，可能丢失数据
D:\work\gameprogram\SFML_Snake\Snake\Snake\Snake.cpp(729,26): warning C4244: “参数”: 从“int”转换到“float”，可能丢失数据
D:\work\gameprogram\SFML_Snake\Snake\Snake\Snake.cpp(736,125): warning C4244: “参数”: 从“int”转换到“float”，可能丢失数据
D:\work\gameprogram\SFML_Snake\Snake\Snake\Snake.cpp(740,56): warning C4244: “参数”: 从“int”转换到“float”，可能丢失数据
D:\work\gameprogram\SFML_Snake\Snake\Snake\Snake.cpp(748,127): warning C4244: “参数”: 从“int”转换到“float”，可能丢失数据
D:\work\gameprogram\SFML_Snake\Snake\Snake\Snake.cpp(752,56): warning C4244: “参数”: 从“int”转换到“float”，可能丢失数据
D:\work\gameprogram\SFML_Snake\Snake\Snake\Snake.cpp(758,79): warning C4244: “参数”: 从“int”转换到“float”，可能丢失数据
D:\work\gameprogram\SFML_Snake\Snake\Snake\Snake.cpp(758,48): warning C4244: “参数”: 从“int”转换到“float”，可能丢失数据
  Snake.vcxproj -> D:\work\gameprogram\SFML_Snake\Snake\Debug\Snake.exe
