  Snake.cpp
E:\Code\gameprogram\MyCode\SFML-Snake\Snake\Snake\Snake.cpp(69,35): warning C4244: “参数”: 从“int”转换到“float”，可能丢失数据
E:\Code\gameprogram\MyCode\SFML-Snake\Snake\Snake\Snake.cpp(69,21): warning C4244: “参数”: 从“int”转换到“float”，可能丢失数据
E:\Code\gameprogram\MyCode\SFML-Snake\Snake\Snake\Snake.cpp(73,35): warning C4244: “参数”: 从“int”转换到“float”，可能丢失数据
E:\Code\gameprogram\MyCode\SFML-Snake\Snake\Snake\Snake.cpp(73,21): warning C4244: “参数”: 从“int”转换到“float”，可能丢失数据
E:\Code\gameprogram\MyCode\SFML-Snake\Snake\Snake\Snake.cpp(77,35): warning C4244: “参数”: 从“int”转换到“float”，可能丢失数据
E:\Code\gameprogram\MyCode\SFML-Snake\Snake\Snake\Snake.cpp(77,21): warning C4244: “参数”: 从“int”转换到“float”，可能丢失数据
E:\Code\gameprogram\MyCode\SFML-Snake\Snake\Snake\Snake.cpp(81,35): warning C4244: “参数”: 从“int”转换到“float”，可能丢失数据
E:\Code\gameprogram\MyCode\SFML-Snake\Snake\Snake\Snake.cpp(81,21): warning C4244: “参数”: 从“int”转换到“float”，可能丢失数据
E:\Code\gameprogram\MyCode\SFML-Snake\Snake\Snake\Snake.cpp(85,35): warning C4244: “参数”: 从“int”转换到“float”，可能丢失数据
E:\Code\gameprogram\MyCode\SFML-Snake\Snake\Snake\Snake.cpp(85,21): warning C4244: “参数”: 从“int”转换到“float”，可能丢失数据
E:\Code\gameprogram\MyCode\SFML-Snake\Snake\Snake\Snake.cpp(89,35): warning C4244: “参数”: 从“int”转换到“float”，可能丢失数据
E:\Code\gameprogram\MyCode\SFML-Snake\Snake\Snake\Snake.cpp(89,21): warning C4244: “参数”: 从“int”转换到“float”，可能丢失数据
E:\Code\gameprogram\MyCode\SFML-Snake\Snake\Snake\Snake.cpp(93,35): warning C4244: “参数”: 从“int”转换到“float”，可能丢失数据
E:\Code\gameprogram\MyCode\SFML-Snake\Snake\Snake\Snake.cpp(93,21): warning C4244: “参数”: 从“int”转换到“float”，可能丢失数据
E:\Code\gameprogram\MyCode\SFML-Snake\Snake\Snake\Snake.cpp(97,35): warning C4244: “参数”: 从“int”转换到“float”，可能丢失数据
E:\Code\gameprogram\MyCode\SFML-Snake\Snake\Snake\Snake.cpp(97,21): warning C4244: “参数”: 从“int”转换到“float”，可能丢失数据
E:\Code\gameprogram\MyCode\SFML-Snake\Snake\Snake\Snake.cpp(101,35): warning C4244: “参数”: 从“int”转换到“float”，可能丢失数据
E:\Code\gameprogram\MyCode\SFML-Snake\Snake\Snake\Snake.cpp(101,21): warning C4244: “参数”: 从“int”转换到“float”，可能丢失数据
E:\Code\gameprogram\MyCode\SFML-Snake\Snake\Snake\Snake.cpp(105,35): warning C4244: “参数”: 从“int”转换到“float”，可能丢失数据
E:\Code\gameprogram\MyCode\SFML-Snake\Snake\Snake\Snake.cpp(105,21): warning C4244: “参数”: 从“int”转换到“float”，可能丢失数据
E:\Code\gameprogram\MyCode\SFML-Snake\Snake\Snake\Snake.cpp(109,35): warning C4244: “参数”: 从“int”转换到“float”，可能丢失数据
E:\Code\gameprogram\MyCode\SFML-Snake\Snake\Snake\Snake.cpp(109,21): warning C4244: “参数”: 从“int”转换到“float”，可能丢失数据
E:\Code\gameprogram\MyCode\SFML-Snake\Snake\Snake\Snake.cpp(113,35): warning C4244: “参数”: 从“int”转换到“float”，可能丢失数据
E:\Code\gameprogram\MyCode\SFML-Snake\Snake\Snake\Snake.cpp(113,21): warning C4244: “参数”: 从“int”转换到“float”，可能丢失数据
E:\Code\gameprogram\MyCode\SFML-Snake\Snake\Snake\Snake.cpp(117,35): warning C4244: “参数”: 从“int”转换到“float”，可能丢失数据
E:\Code\gameprogram\MyCode\SFML-Snake\Snake\Snake\Snake.cpp(117,21): warning C4244: “参数”: 从“int”转换到“float”，可能丢失数据
E:\Code\gameprogram\MyCode\SFML-Snake\Snake\Snake\Snake.cpp(131,35): warning C4244: “参数”: 从“int”转换到“float”，可能丢失数据
E:\Code\gameprogram\MyCode\SFML-Snake\Snake\Snake\Snake.cpp(131,21): warning C4244: “参数”: 从“int”转换到“float”，可能丢失数据
E:\Code\gameprogram\MyCode\SFML-Snake\Snake\Snake\Snake.cpp(135,35): warning C4244: “参数”: 从“int”转换到“float”，可能丢失数据
E:\Code\gameprogram\MyCode\SFML-Snake\Snake\Snake\Snake.cpp(135,21): warning C4244: “参数”: 从“int”转换到“float”，可能丢失数据
E:\Code\gameprogram\MyCode\SFML-Snake\Snake\Snake\Snake.cpp(149,35): warning C4244: “参数”: 从“int”转换到“float”，可能丢失数据
E:\Code\gameprogram\MyCode\SFML-Snake\Snake\Snake\Snake.cpp(149,21): warning C4244: “参数”: 从“int”转换到“float”，可能丢失数据
E:\Code\gameprogram\MyCode\SFML-Snake\Snake\Snake\Snake.cpp(153,35): warning C4244: “参数”: 从“int”转换到“float”，可能丢失数据
E:\Code\gameprogram\MyCode\SFML-Snake\Snake\Snake\Snake.cpp(153,21): warning C4244: “参数”: 从“int”转换到“float”，可能丢失数据
E:\Code\gameprogram\MyCode\SFML-Snake\Snake\Snake\Snake.cpp(241,15): warning C4244: “参数”: 从“time_t”转换到“unsigned int”，可能丢失数据
E:\Code\gameprogram\MyCode\SFML-Snake\Snake\Snake\Snake.cpp(298,22): warning C4244: “参数”: 从“int”转换到“float”，可能丢失数据
E:\Code\gameprogram\MyCode\SFML-Snake\Snake\Snake\Snake.cpp(304,22): warning C4244: “参数”: 从“int”转换到“float”，可能丢失数据
E:\Code\gameprogram\MyCode\SFML-Snake\Snake\Snake\Snake.cpp(456,12): warning C4244: “初始化”: 从“double”转换到“int”，可能丢失数据
E:\Code\gameprogram\MyCode\SFML-Snake\Snake\Snake\Snake.cpp(457,12): warning C4244: “初始化”: 从“double”转换到“int”，可能丢失数据
E:\Code\gameprogram\MyCode\SFML-Snake\Snake\Snake\Snake.cpp(465,64): warning C4244: “参数”: 从“int”转换到“float”，可能丢失数据
E:\Code\gameprogram\MyCode\SFML-Snake\Snake\Snake\Snake.cpp(465,42): warning C4244: “参数”: 从“int”转换到“float”，可能丢失数据
E:\Code\gameprogram\MyCode\SFML-Snake\Snake\Snake\Snake.cpp(471,81): warning C4244: “参数”: 从“int”转换到“float”，可能丢失数据
E:\Code\gameprogram\MyCode\SFML-Snake\Snake\Snake\Snake.cpp(471,51): warning C4244: “参数”: 从“int”转换到“float”，可能丢失数据
E:\Code\gameprogram\MyCode\SFML-Snake\Snake\Snake\Snake.cpp(472,26): warning C4244: “参数”: 从“int”转换到“float”，可能丢失数据
E:\Code\gameprogram\MyCode\SFML-Snake\Snake\Snake\Snake.cpp(476,88): warning C4244: “参数”: 从“int”转换到“float”，可能丢失数据
E:\Code\gameprogram\MyCode\SFML-Snake\Snake\Snake\Snake.cpp(476,55): warning C4244: “参数”: 从“int”转换到“float”，可能丢失数据
E:\Code\gameprogram\MyCode\SFML-Snake\Snake\Snake\Snake.cpp(481,79): warning C4244: “参数”: 从“int”转换到“float”，可能丢失数据
E:\Code\gameprogram\MyCode\SFML-Snake\Snake\Snake\Snake.cpp(481,48): warning C4244: “参数”: 从“int”转换到“float”，可能丢失数据
E:\Code\gameprogram\MyCode\SFML-Snake\Snake\Snake\Snake.cpp(529,22): warning C4244: “参数”: 从“int”转换到“float”，可能丢失数据
E:\Code\gameprogram\MyCode\SFML-Snake\Snake\Snake\Snake.cpp(535,22): warning C4244: “参数”: 从“int”转换到“float”，可能丢失数据
E:\Code\gameprogram\MyCode\SFML-Snake\Snake\Snake\Snake.cpp(651,16): warning C4305: “-=”: 从“double”到“float”截断
E:\Code\gameprogram\MyCode\SFML-Snake\Snake\Snake\Snake.cpp(664,16): warning C4305: “+=”: 从“double”到“float”截断
E:\Code\gameprogram\MyCode\SFML-Snake\Snake\Snake\Snake.cpp(677,16): warning C4305: “-=”: 从“double”到“float”截断
E:\Code\gameprogram\MyCode\SFML-Snake\Snake\Snake\Snake.cpp(690,16): warning C4305: “+=”: 从“double”到“float”截断
E:\Code\gameprogram\MyCode\SFML-Snake\Snake\Snake\Snake.cpp(799,12): warning C4244: “初始化”: 从“double”转换到“int”，可能丢失数据
E:\Code\gameprogram\MyCode\SFML-Snake\Snake\Snake\Snake.cpp(800,12): warning C4244: “初始化”: 从“double”转换到“int”，可能丢失数据
E:\Code\gameprogram\MyCode\SFML-Snake\Snake\Snake\Snake.cpp(808,64): warning C4244: “参数”: 从“int”转换到“float”，可能丢失数据
E:\Code\gameprogram\MyCode\SFML-Snake\Snake\Snake\Snake.cpp(808,42): warning C4244: “参数”: 从“int”转换到“float”，可能丢失数据
E:\Code\gameprogram\MyCode\SFML-Snake\Snake\Snake\Snake.cpp(821,26): warning C4244: “参数”: 从“int”转换到“float”，可能丢失数据
E:\Code\gameprogram\MyCode\SFML-Snake\Snake\Snake\Snake.cpp(830,126): warning C4244: “参数”: 从“int”转换到“float”，可能丢失数据
E:\Code\gameprogram\MyCode\SFML-Snake\Snake\Snake\Snake.cpp(837,57): warning C4244: “参数”: 从“int”转换到“float”，可能丢失数据
E:\Code\gameprogram\MyCode\SFML-Snake\Snake\Snake\Snake.cpp(848,133): warning C4244: “参数”: 从“int”转换到“float”，可能丢失数据
E:\Code\gameprogram\MyCode\SFML-Snake\Snake\Snake\Snake.cpp(855,57): warning C4244: “参数”: 从“int”转换到“float”，可能丢失数据
E:\Code\gameprogram\MyCode\SFML-Snake\Snake\Snake\Snake.cpp(862,79): warning C4244: “参数”: 从“int”转换到“float”，可能丢失数据
E:\Code\gameprogram\MyCode\SFML-Snake\Snake\Snake\Snake.cpp(862,48): warning C4244: “参数”: 从“int”转换到“float”，可能丢失数据
  正在生成代码
  3 of 116 functions ( 2.6%) were compiled, the rest were copied from previous compilation.
    1 functions were new in current compilation
    1 functions had inline decision re-evaluated but remain unchanged
  已完成代码的生成
  Snake.vcxproj -> E:\Code\gameprogram\MyCode\SFML-Snake\Snake\Release\Snake.exe
